#
# There is insufficient memory for the Java Runtime Environment to continue.
# Native memory allocation (malloc) failed to allocate 1770336 bytes for Chunk::new
# Possible reasons:
#   The system is out of physical RAM or swap space
#   In 32 bit mode, the process size limit was hit
# Possible solutions:
#   Reduce memory load on the system
#   Increase physical memory or swap space
#   Check if swap backing store is full
#   Use 64 bit Java on a 64 bit OS
#   Decrease Java heap size (-Xmx/-Xms)
#   Decrease number of Java threads
#   Decrease Java thread stack sizes (-Xss)
#   Set larger code cache with -XX:ReservedCodeCacheSize=
# This output file may be truncated or incomplete.
#
#  Out of Memory Error (allocation.cpp:390), pid=8392, tid=6672
#
# JRE version: Java(TM) SE Runtime Environment (8.0_77-b03) (build 1.8.0_77-b03)
# Java VM: Java HotSpot(TM) 64-Bit Server VM (25.77-b03 mixed mode windows-amd64 compressed oops)
# Failed to write core dump. Minidumps are not enabled by default on client versions of Windows
#

---------------  T H R E A D  ---------------

Current thread (0x0000000014a0a000):  JavaThread "C2 CompilerThread1" daemon [_thread_in_native, id=6672, stack(0x00000000160e0000,0x00000000161e0000)]

Stack: [0x00000000160e0000,0x00000000161e0000]
[error occurred during error reporting (printing stack bounds), id 0xc0000005]

Native frames: (J=compiled Java code, j=interpreted, Vv=VM code, C=native code)


Current CompileTask:
C2:  10967 1802   !   4       com.android.dx.cf.code.BytecodeArray::parseInstruction (2764 bytes)


---------------  P R O C E S S  ---------------

Java Threads: ( => current thread )
  0x00000000162e3800 JavaThread "Service Thread" daemon [_thread_blocked, id=6316, stack(0x00000000166e0000,0x00000000167e0000)]
  0x0000000014a0b000 JavaThread "C1 CompilerThread2" daemon [_thread_in_vm, id=9516, stack(0x00000000161e0000,0x00000000162e0000)]
=>0x0000000014a0a000 JavaThread "C2 CompilerThread1" daemon [_thread_in_native, id=6672, stack(0x00000000160e0000,0x00000000161e0000)]
  0x00000000149ae800 JavaThread "C2 CompilerThread0" daemon [_thread_in_native, id=10720, stack(0x0000000015fe0000,0x00000000160e0000)]
  0x00000000149ad000 JavaThread "Attach Listener" daemon [_thread_blocked, id=6308, stack(0x0000000015ee0000,0x0000000015fe0000)]
  0x00000000149ac000 JavaThread "Signal Dispatcher" daemon [_thread_blocked, id=11144, stack(0x0000000015de0000,0x0000000015ee0000)]
  0x000000001499a000 JavaThread "Finalizer" daemon [_thread_blocked, id=9036, stack(0x0000000015c00000,0x0000000015d00000)]
  0x00000000022cf800 JavaThread "Reference Handler" daemon [_thread_blocked, id=4772, stack(0x0000000015b00000,0x0000000015c00000)]
  0x00000000021e0800 JavaThread "main" [_thread_in_Java, id=5408, stack(0x0000000001fe0000,0x00000000020e0000)]

Other Threads:
  0x0000000014976800 VMThread [stack: 0x0000000015a00000,0x0000000015b00000] [id=4708]
  0x00000000162f9800 WatcherThread [stack: 0x00000000167e0000,0x00000000168e0000] [id=11476]

VM state:not at safepoint (normal execution)

VM Mutex/Monitor currently owned by a thread: None

Heap:
 PSYoungGen      total 35328K, used 24539K [0x00000000eab00000, 0x00000000efb00000, 0x0000000100000000)
  eden space 32768K, 67% used [0x00000000eab00000,0x00000000ec076e58,0x00000000ecb00000)
  from space 2560K, 100% used [0x00000000ecb00000,0x00000000ecd80000,0x00000000ecd80000)
  to   space 8192K, 0% used [0x00000000ef300000,0x00000000ef300000,0x00000000efb00000)
 ParOldGen       total 44032K, used 12873K [0x00000000c0000000, 0x00000000c2b00000, 0x00000000eab00000)
  object space 44032K, 29% used [0x00000000c0000000,0x00000000c0c926b8,0x00000000c2b00000)
 Metaspace       used 6485K, capacity 7222K, committed 7296K, reserved 1056768K
  class space    used 609K, capacity 622K, committed 640K, reserved 1048576K

Card table byte_map: [0x00000000116a0000,0x00000000118b0000] byte_map_base: 0x00000000110a0000

Marking Bits: (ParMarkBitMap*) 0x0000000053aa0600
 Begin Bits: [0x0000000011e10000, 0x0000000012e10000)
 End Bits:   [0x0000000012e10000, 0x0000000013e10000)

Polling page: 0x0000000000510000

CodeCache: size=245760Kb used=7627Kb max_used=7627Kb free=238132Kb
 bounds [0x00000000022e0000, 0x0000000002a60000, 0x00000000112e0000]
 total_blobs=2126 nmethods=1857 adapters=182
 compilation: enabled

Compilation events (10 events):
Event: 8.781 Thread 0x00000000149ae800 nmethod 1863 0x0000000002a46f50 code [0x0000000002a470a0, 0x0000000002a471c8]
Event: 8.781 Thread 0x00000000149ae800 1870       4       com.android.dx.dex.code.OutputFinisher::addConstants (93 bytes)
Event: 8.867 Thread 0x0000000014a0b000 1876       3       java.util.HashMap::putVal (300 bytes)
Event: 8.870 Thread 0x0000000014a0b000 nmethod 1876 0x0000000002a4f190 code [0x0000000002a4f400, 0x0000000002a506b8]
Event: 8.941 Thread 0x0000000014a0b000 1882       2       com.android.dx.dex.file.AnnotationItem::hashCode (8 bytes)
Event: 8.941 Thread 0x0000000014a0b000 nmethod 1882 0x0000000002a46bd0 code [0x0000000002a46d40, 0x0000000002a46ea8]
Event: 8.961 Thread 0x0000000014a0b000 1883       2       com.android.dx.dex.file.DebugInfoItem::addContents (1 bytes)
Event: 8.961 Thread 0x0000000014a0b000 nmethod 1883 0x0000000002a46890 code [0x0000000002a469e0, 0x0000000002a46b30]
Event: 8.984 Thread 0x0000000014a0b000 1884       2       com.android.dx.dex.file.IndexedItem::setIndex (24 bytes)
Event: 8.984 Thread 0x0000000014a0b000 nmethod 1884 0x0000000002a4ed50 code [0x0000000002a4eec0, 0x0000000002a4f0c8]

GC Heap History (10 events):
Event: 2.902 GC heap before
{Heap before GC invocations=1 (full 0):
 PSYoungGen      total 18944K, used 16384K [0x00000000eab00000, 0x00000000ec000000, 0x0000000100000000)
  eden space 16384K, 100% used [0x00000000eab00000,0x00000000ebb00000,0x00000000ebb00000)
  from space 2560K, 0% used [0x00000000ebd80000,0x00000000ebd80000,0x00000000ec000000)
  to   space 2560K, 0% used [0x00000000ebb00000,0x00000000ebb00000,0x00000000ebd80000)
 ParOldGen       total 44032K, used 0K [0x00000000c0000000, 0x00000000c2b00000, 0x00000000eab00000)
  object space 44032K, 0% used [0x00000000c0000000,0x00000000c0000000,0x00000000c2b00000)
 Metaspace       used 5505K, capacity 6512K, committed 6784K, reserved 1056768K
  class space    used 589K, capacity 616K, committed 640K, reserved 1048576K
Event: 2.908 GC heap after
Heap after GC invocations=1 (full 0):
 PSYoungGen      total 18944K, used 2548K [0x00000000eab00000, 0x00000000ec000000, 0x0000000100000000)
  eden space 16384K, 0% used [0x00000000eab00000,0x00000000eab00000,0x00000000ebb00000)
  from space 2560K, 99% used [0x00000000ebb00000,0x00000000ebd7d298,0x00000000ebd80000)
  to   space 2560K, 0% used [0x00000000ebd80000,0x00000000ebd80000,0x00000000ec000000)
 ParOldGen       total 44032K, used 813K [0x00000000c0000000, 0x00000000c2b00000, 0x00000000eab00000)
  object space 44032K, 1% used [0x00000000c0000000,0x00000000c00cb468,0x00000000c2b00000)
 Metaspace       used 5505K, capacity 6512K, committed 6784K, reserved 1056768K
  class space    used 589K, capacity 616K, committed 640K, reserved 1048576K
}
Event: 5.637 GC heap before
{Heap before GC invocations=2 (full 0):
 PSYoungGen      total 18944K, used 18932K [0x00000000eab00000, 0x00000000ec000000, 0x0000000100000000)
  eden space 16384K, 100% used [0x00000000eab00000,0x00000000ebb00000,0x00000000ebb00000)
  from space 2560K, 99% used [0x00000000ebb00000,0x00000000ebd7d298,0x00000000ebd80000)
  to   space 2560K, 0% used [0x00000000ebd80000,0x00000000ebd80000,0x00000000ec000000)
 ParOldGen       total 44032K, used 813K [0x00000000c0000000, 0x00000000c2b00000, 0x00000000eab00000)
  object space 44032K, 1% used [0x00000000c0000000,0x00000000c00cb468,0x00000000c2b00000)
 Metaspace       used 5951K, capacity 6896K, committed 7040K, reserved 1056768K
  class space    used 595K, capacity 616K, committed 640K, reserved 1048576K
Event: 5.651 GC heap after
Heap after GC invocations=2 (full 0):
 PSYoungGen      total 18944K, used 2538K [0x00000000eab00000, 0x00000000ec000000, 0x0000000100000000)
  eden space 16384K, 0% used [0x00000000eab00000,0x00000000eab00000,0x00000000ebb00000)
  from space 2560K, 99% used [0x00000000ebd80000,0x00000000ebffaad8,0x00000000ec000000)
  to   space 2560K, 0% used [0x00000000ebb00000,0x00000000ebb00000,0x00000000ebd80000)
 ParOldGen       total 44032K, used 2468K [0x00000000c0000000, 0x00000000c2b00000, 0x00000000eab00000)
  object space 44032K, 5% used [0x00000000c0000000,0x00000000c02691d0,0x00000000c2b00000)
 Metaspace       used 5951K, capacity 6896K, committed 7040K, reserved 1056768K
  class space    used 595K, capacity 616K, committed 640K, reserved 1048576K
}
Event: 7.046 GC heap before
{Heap before GC invocations=3 (full 0):
 PSYoungGen      total 18944K, used 18922K [0x00000000eab00000, 0x00000000ec000000, 0x0000000100000000)
  eden space 16384K, 100% used [0x00000000eab00000,0x00000000ebb00000,0x00000000ebb00000)
  from space 2560K, 99% used [0x00000000ebd80000,0x00000000ebffaad8,0x00000000ec000000)
  to   space 2560K, 0% used [0x00000000ebb00000,0x00000000ebb00000,0x00000000ebd80000)
 ParOldGen       total 44032K, used 2468K [0x00000000c0000000, 0x00000000c2b00000, 0x00000000eab00000)
  object space 44032K, 5% used [0x00000000c0000000,0x00000000c02691d0,0x00000000c2b00000)
 Metaspace       used 6150K, capacity 7024K, committed 7296K, reserved 1056768K
  class space    used 600K, capacity 616K, committed 640K, reserved 1048576K
Event: 7.211 GC heap after
Heap after GC invocations=3 (full 0):
 PSYoungGen      total 18944K, used 2560K [0x00000000eab00000, 0x00000000ed000000, 0x0000000100000000)
  eden space 16384K, 0% used [0x00000000eab00000,0x00000000eab00000,0x00000000ebb00000)
  from space 2560K, 100% used [0x00000000ebb00000,0x00000000ebd80000,0x00000000ebd80000)
  to   space 2560K, 0% used [0x00000000ecd80000,0x00000000ecd80000,0x00000000ed000000)
 ParOldGen       total 44032K, used 4903K [0x00000000c0000000, 0x00000000c2b00000, 0x00000000eab00000)
  object space 44032K, 11% used [0x00000000c0000000,0x00000000c04c9c38,0x00000000c2b00000)
 Metaspace       used 6150K, capacity 7024K, committed 7296K, reserved 1056768K
  class space    used 600K, capacity 616K, committed 640K, reserved 1048576K
}
Event: 7.788 GC heap before
{Heap before GC invocations=4 (full 0):
 PSYoungGen      total 18944K, used 18944K [0x00000000eab00000, 0x00000000ed000000, 0x0000000100000000)
  eden space 16384K, 100% used [0x00000000eab00000,0x00000000ebb00000,0x00000000ebb00000)
  from space 2560K, 100% used [0x00000000ebb00000,0x00000000ebd80000,0x00000000ebd80000)
  to   space 2560K, 0% used [0x00000000ecd80000,0x00000000ecd80000,0x00000000ed000000)
 ParOldGen       total 44032K, used 4903K [0x00000000c0000000, 0x00000000c2b00000, 0x00000000eab00000)
  object space 44032K, 11% used [0x00000000c0000000,0x00000000c04c9c38,0x00000000c2b00000)
 Metaspace       used 6273K, capacity 7152K, committed 7296K, reserved 1056768K
  class space    used 601K, capacity 616K, committed 640K, reserved 1048576K
Event: 7.811 GC heap after
Heap after GC invocations=4 (full 0):
 PSYoungGen      total 35328K, used 2560K [0x00000000eab00000, 0x00000000ed000000, 0x0000000100000000)
  eden space 32768K, 0% used [0x00000000eab00000,0x00000000eab00000,0x00000000ecb00000)
  from space 2560K, 100% used [0x00000000ecd80000,0x00000000ed000000,0x00000000ed000000)
  to   space 2560K, 0% used [0x00000000ecb00000,0x00000000ecb00000,0x00000000ecd80000)
 ParOldGen       total 44032K, used 7569K [0x00000000c0000000, 0x00000000c2b00000, 0x00000000eab00000)
  object space 44032K, 17% used [0x00000000c0000000,0x00000000c0764638,0x00000000c2b00000)
 Metaspace       used 6273K, capacity 7152K, committed 7296K, reserved 1056768K
  class space    used 601K, capacity 616K, committed 640K, reserved 1048576K
}
Event: 8.401 GC heap before
{Heap before GC invocations=5 (full 0):
 PSYoungGen      total 35328K, used 35328K [0x00000000eab00000, 0x00000000ed000000, 0x0000000100000000)
  eden space 32768K, 100% used [0x00000000eab00000,0x00000000ecb00000,0x00000000ecb00000)
  from space 2560K, 100% used [0x00000000ecd80000,0x00000000ed000000,0x00000000ed000000)
  to   space 2560K, 0% used [0x00000000ecb00000,0x00000000ecb00000,0x00000000ecd80000)
 ParOldGen       total 44032K, used 7569K [0x00000000c0000000, 0x00000000c2b00000, 0x00000000eab00000)
  object space 44032K, 17% used [0x00000000c0000000,0x00000000c0764638,0x00000000c2b00000)
 Metaspace       used 6362K, capacity 7152K, committed 7296K, reserved 1056768K
  class space    used 601K, capacity 616K, committed 640K, reserved 1048576K
Event: 8.421 GC heap after
Heap after GC invocations=5 (full 0):
 PSYoungGen      total 35328K, used 2560K [0x00000000eab00000, 0x00000000efb00000, 0x0000000100000000)
  eden space 32768K, 0% used [0x00000000eab00000,0x00000000eab00000,0x00000000ecb00000)
  from space 2560K, 100% used [0x00000000ecb00000,0x00000000ecd80000,0x00000000ecd80000)
  to   space 8192K, 0% used [0x00000000ef300000,0x00000000ef300000,0x00000000efb00000)
 ParOldGen       total 44032K, used 12873K [0x00000000c0000000, 0x00000000c2b00000, 0x00000000eab00000)
  object space 44032K, 29% used [0x00000000c0000000,0x00000000c0c926b8,0x00000000c2b00000)
 Metaspace       used 6362K, capacity 7152K, committed 7296K, reserved 1056768K
  class space    used 601K, capacity 616K, committed 640K, reserved 1048576K
}

Deoptimization events (10 events):
Event: 8.641 Thread 0x00000000021e0800 Uncommon trap: reason=bimorphic action=maybe_recompile pc=0x00000000024feadc method=java.util.HashMap.getNode(ILjava/lang/Object;)Ljava/util/HashMap$Node; @ 126
Event: 8.650 Thread 0x00000000021e0800 Uncommon trap: reason=bimorphic action=maybe_recompile pc=0x00000000024feadc method=java.util.HashMap.getNode(ILjava/lang/Object;)Ljava/util/HashMap$Node; @ 126
Event: 8.650 Thread 0x00000000021e0800 Uncommon trap: reason=bimorphic action=maybe_recompile pc=0x00000000024feadc method=java.util.HashMap.getNode(ILjava/lang/Object;)Ljava/util/HashMap$Node; @ 126
Event: 8.650 Thread 0x00000000021e0800 Uncommon trap: reason=bimorphic action=maybe_recompile pc=0x00000000025f18e0 method=java.util.HashMap.getNode(ILjava/lang/Object;)Ljava/util/HashMap$Node; @ 126
Event: 8.651 Thread 0x00000000021e0800 Uncommon trap: reason=class_check action=maybe_recompile pc=0x00000000027990c4 method=java.util.HashMap.putVal(ILjava/lang/Object;Ljava/lang/Object;ZZ)Ljava/lang/Object; @ 203
Event: 8.652 Thread 0x00000000021e0800 Uncommon trap: reason=class_check action=maybe_recompile pc=0x00000000027990c4 method=java.util.HashMap.putVal(ILjava/lang/Object;Ljava/lang/Object;ZZ)Ljava/lang/Object; @ 203
Event: 8.653 Thread 0x00000000021e0800 Uncommon trap: reason=class_check action=maybe_recompile pc=0x00000000027990c4 method=java.util.HashMap.putVal(ILjava/lang/Object;Ljava/lang/Object;ZZ)Ljava/lang/Object; @ 203
Event: 8.654 Thread 0x00000000021e0800 Uncommon trap: reason=class_check action=maybe_recompile pc=0x00000000027990c4 method=java.util.HashMap.putVal(ILjava/lang/Object;Ljava/lang/Object;ZZ)Ljava/lang/Object; @ 203
Event: 8.654 Thread 0x00000000021e0800 Uncommon trap: reason=class_check action=maybe_recompile pc=0x00000000026808c4 method=java.util.HashMap.putVal(ILjava/lang/Object;Ljava/lang/Object;ZZ)Ljava/lang/Object; @ 203
Event: 8.867 Thread 0x00000000021e0800 Uncommon trap: reason=unstable_if action=reinterpret pc=0x0000000002a51cd0 method=java.util.HashMap.putVal(ILjava/lang/Object;Ljava/lang/Object;ZZ)Ljava/lang/Object; @ 94

Internal exceptions (2 events):
Event: 0.829 Thread 0x00000000021e0800 Exception <a 'java/lang/NoSuchMethodError': Method sun.misc.Unsafe.defineClass(Ljava/lang/String;[BII)Ljava/lang/Class; name or signature does not match> (0x00000000eab07cc0) thrown at [D:\re\workspace\8-2-build-windows-amd64-cygwin\jdk8u77\6540\hotspot\srã!»Ä‹ê?
Event: 0.830 Thread 0x00000000021e0800 Exception <a 'java/lang/NoSuchMethodError': Method sun.misc.Unsafe.prefetchRead(Ljava/lang/Object;J)V name or signature does not match> (0x00000000eab07fa8) thrown at [D:\re\workspace\8-2-build-windows-amd64-cygwin\jdk8u77\6540\hotspot\src\share\vm\prims\j

Events (10 events):
Event: 8.654 Thread 0x00000000021e0800 Uncommon trap: trap_request=0xffffffde fr.pc=0x00000000026808c4
Event: 8.654 Thread 0x00000000021e0800 DEOPT PACKING pc=0x00000000026808c4 sp=0x00000000020ded60
Event: 8.654 Thread 0x00000000021e0800 DEOPT UNPACKING pc=0x000000000232582a sp=0x00000000020ded18 mode 2
Event: 8.732 loading class com/android/dx/dex/file/CatchStructs
Event: 8.732 loading class com/android/dx/dex/file/CatchStructs done
Event: 8.867 Thread 0x00000000021e0800 Uncommon trap: trap_request=0xffffff65 fr.pc=0x0000000002a51cd0
Event: 8.867 Thread 0x00000000021e0800 DEOPT PACKING pc=0x0000000002a51cd0 sp=0x00000000020dec30
Event: 8.867 Thread 0x00000000021e0800 DEOPT UNPACKING pc=0x000000000232582a sp=0x00000000020debd0 mode 2
Event: 8.986 loading class com/android/dx/dex/file/ProtoIdItem
Event: 8.986 loading class com/android/dx/dex/file/ProtoIdItem done


Dynamic libraries:
0x00007ff67b9e0000 - 0x00007ff67ba17000 	C:\Java\jdk1.8.0_77\bin\java.exe
0x00007ff895db0000 - 0x00007ff895f71000 	C:\WINDOWS\SYSTEM32\ntdll.dll
0x00007ff895a80000 - 0x00007ff895b2d000 	C:\WINDOWS\system32\KERNEL32.DLL
0x00007ff892f30000 - 0x00007ff893118000 	C:\WINDOWS\system32\KERNELBASE.dll
0x00007ff8954d0000 - 0x00007ff895577000 	C:\WINDOWS\system32\ADVAPI32.dll
0x00007ff8955e0000 - 0x00007ff89567d000 	C:\WINDOWS\system32\msvcrt.dll
0x00007ff895a20000 - 0x00007ff895a7b000 	C:\WINDOWS\system32\sechost.dll
0x00007ff895c90000 - 0x00007ff895dac000 	C:\WINDOWS\system32\RPCRT4.dll
0x00007ff893b20000 - 0x00007ff893c76000 	C:\WINDOWS\system32\USER32.dll
0x00007ff895830000 - 0x00007ff8959b6000 	C:\WINDOWS\system32\GDI32.dll
0x00007ff88d6d0000 - 0x00007ff88d944000 	C:\WINDOWS\WinSxS\amd64_microsoft.windows.common-controls_6595b64144ccf1df_6.0.10586.0_none_8c15ae12515e1c22\COMCTL32.dll
0x00007ff8951e0000 - 0x00007ff89545d000 	C:\WINDOWS\system32\combase.dll
0x00007ff892e60000 - 0x00007ff892eca000 	C:\WINDOWS\system32\bcryptPrimitives.dll
0x00007ff893ae0000 - 0x00007ff893b1b000 	C:\WINDOWS\system32\IMM32.DLL
0x0000000050f20000 - 0x0000000050ff2000 	C:\Java\jdk1.8.0_77\jre\bin\msvcr100.dll
0x0000000053290000 - 0x0000000053b20000 	C:\Java\jdk1.8.0_77\jre\bin\server\jvm.dll
0x00007ff895c80000 - 0x00007ff895c88000 	C:\WINDOWS\system32\PSAPI.DLL
0x00007ff8882d0000 - 0x00007ff8882d9000 	C:\WINDOWS\SYSTEM32\WSOCK32.dll
0x00007ff895c10000 - 0x00007ff895c7b000 	C:\WINDOWS\system32\WS2_32.dll
0x00007ff890610000 - 0x00007ff890633000 	C:\WINDOWS\SYSTEM32\WINMM.dll
0x00007ff88e0a0000 - 0x00007ff88e0aa000 	C:\WINDOWS\SYSTEM32\VERSION.dll
0x00007ff8905e0000 - 0x00007ff89060c000 	C:\WINDOWS\SYSTEM32\WINMMBASE.dll
0x00007ff893120000 - 0x00007ff893163000 	C:\WINDOWS\system32\cfgmgr32.dll
0x0000000054080000 - 0x000000005408f000 	C:\Java\jdk1.8.0_77\jre\bin\verify.dll
0x0000000053e90000 - 0x0000000053eb9000 	C:\Java\jdk1.8.0_77\jre\bin\java.dll
0x0000000054010000 - 0x0000000054026000 	C:\Java\jdk1.8.0_77\jre\bin\zip.dll
0x00007ff893c80000 - 0x00007ff8951dc000 	C:\WINDOWS\system32\SHELL32.dll
0x00007ff8926c0000 - 0x00007ff892d04000 	C:\WINDOWS\system32\windows.storage.dll
0x00007ff895470000 - 0x00007ff8954c2000 	C:\WINDOWS\system32\shlwapi.dll
0x00007ff892400000 - 0x00007ff89240f000 	C:\WINDOWS\system32\kernel.appcore.dll
0x00007ff892da0000 - 0x00007ff892e55000 	C:\WINDOWS\system32\shcore.dll
0x00007ff8923b0000 - 0x00007ff8923fb000 	C:\WINDOWS\system32\powrprof.dll
0x00007ff892410000 - 0x00007ff892424000 	C:\WINDOWS\system32\profapi.dll

VM Arguments:
jvm_args: -Djava.awt.headless=true -Xmx1024M -Dfile.encoding=windows-1253 -Duser.country=US -Duser.language=en -Duser.variant 
java_command: com.android.dx.command.Main --dex --force-jumbo --num-threads=4 --output C:\Users\Nick\AndroidStudioProjects\Ancientworld\app\build\intermediates\pre-dexed\debug\internal_impl-23.4.0_eea5fb086f49b8b4641673e99c6277181ffd7f92.jar C:\Users\Nick\AndroidStudioProjects\Ancientworld\app\build\intermediates\exploded-aar\com.android.support\support-v4\23.4.0\jars\libs\internal_impl-23.4.0.jar
java_class_path (initial): C:\Users\Nick\AppData\Local\Android\sdk\build-tools\23.0.3\lib\dx.jar
Launcher Type: SUN_STANDARD

Environment Variables:
JAVA_HOME=C:\Java\jdk1.8.0_77
CLASSPATH=.;
PATH=C:\Java\jdk1.8.0_77\bin;C:\Java\jdk1.6.0_45\bin;C:\ProgramData\Oracle\Java\javapath;C:\Program Files (x86)\NVIDIA Corporation\PhysX\Common;C:\Program Files\Common Files\Microsoft Shared\Windows Live;C:\Program Files (x86)\Common Files\Microsoft Shared\Windows Live;C:\app\Nick\product\11.2.0\dbhome_1\bin;C:\WINDOWS\system32;C:\WINDOWS;C:\WINDOWS\System32\Wbem;C:\WINDOWS\System32\WindowsPowerShell\v1.0\;C:\Program Files\Broadcom\Broadcom 802.11\Driver;C:\Program Files\WIDCOMM\Bluetooth Software\;C:\Program Files\WIDCOMM\Bluetooth Software\syswow64;C:\Program Files (x86)\Common Files\Ulead Systems\MPEG;C:\Program Files (x86)\Windows Live\Shared;C:\apache-ant-1.8.0-bin\bin;C:\Oracle\Middleware\jdev_11117\jdeveloper\OPatch;C:\Program Files (x86)\Skype\Phone\;C:\Sun\SDK\bin;
USERNAME=Nick
OS=Windows_NT
PROCESSOR_IDENTIFIER=Intel64 Family 6 Model 37 Stepping 2, GenuineIntel



---------------  S Y S T E M  ---------------

OS: Windows 10.0 , 64 bit Build 10586 (10.0.10586.0)

CPU:total 4 (2 cores per cpu, 2 threads per core) family 6 model 37 stepping 2, cmov, cx8, fxsr, mmx, sse, sse2, sse3, ssse3, sse4.1, sse4.2, popcnt, ht, tsc, tscinvbit

Memory: 4k page, physical 4119412k(640000k free), swap 7089648k(494112k free)

vm_info: Java HotSpot(TM) 64-Bit Server VM (25.77-b03) for windows-amd64 JRE (1.8.0_77-b03), built on Mar 20 2016 22:01:33 by "java_re" with MS VC++ 10.0 (VS2010)

time: Thu Jun 09 11:39:34 2016
elapsed time: 10 seconds (0d 0h 0m 10s)

